    1  ls
    2  wget https://s3.amazonaws.com/amazon-reviews-pds/tsv/amazon_reviews_us_Books_v1_02.tsv.gz
    3  ls
    4  mkdir worksheets
    5  cd worksheets/
    6  mkdir ws1
    7  cd ws1/
    8  git --version
    9  git init
   10  touch examplefile.txt
   11  ls
   12  git status
   13  git remote add origin https://github.com/tkbui/ws1.git
   14  history > cmds.log
   15  ls
   16  cat cmds.log 
   17  git status
   18  git add cmds.log
   19  git status
   20  git commit -m "Updated cmds.log on new server."
   21  git config --global user.email "thuykhuongbui@gmail.com"
   22  git config --global user.name "tkbui"
   23  history > cmds.log
   24  cat cmds.log 
   25  git commit -m "Updated cmds.log on new server."
   26  git push -u origin master
   27  git pull origin master
   28  ls
   29  cat cmds.log 
   30  git clone https://github.com/tkbui/ws1.git
   31  ls
   32  cd ..
   33  git clone https://github.com/tkbui/ws1.git
   34  rm -r ws1
   35  cd ws1/
   36  rm -r ws1
   37  ls
   38  rm -r /ws1
   39  ls
   40  rm -r ws1/
   41  y
   42  yls
   43  ls
   44  cd ..
   45  ls
   46  rm ws1/
   47  rm -r ws1/
   48  ls
   49  git clone https://github.com/tkbui/ws1.git
   50  ls
   51  cd ws1/
   52  ls
   53  touch examplefile.txt
   54  history > cmds.log
   55  cat cmds.log 
   56  ls
   57  git status
   58  git add cmds.log
   59  git status
   60  git push -u origin master
   61  git commit -m "Updated cmds.log on new server."
   62  git status
   63  git push -u origin master
   64  git pull origin master
   65  passwd
   66  history > cmds.log
   67  cat cmds.log 
   68  git status
   69  git add cmds.log
   70  git status
   71  git commit -m "Updated password, so updated the cmds.log to reflect this if needed for worksheet 1."
   72  git status
   73  git push -u origin master
   74  ls
   75  git pull origin master
   76  exit
   77  ls
   78  man gzip
   79  gunzip amazon_reviews_us_Books_v1_02.tsv.gz 
   80  ls
   81  echo `pwd`
   82  cat amazon_reviews_us_Books_v1_02.tsv 
   83  man grep
   84  grep "Sisterhood of the Traveling Pants (Book 1)" amazon_reviews_us_Books_v1_02.tsv 
   85  grep Y amazon_reviews_us_Books_v1_02.tsv 
   86  grep "Y" amazon_reviews_us_Books_v1_02.tsv 
   87  exit
   88  man egrep
   89  cat amazon_reviews_us_Books_v1_02.tsv 
   90  grep "^[a-zA-Z]+" amazon_reviews_us_Books_v1_02.tsv 
   91  head 2 grep "^[a-zA-Z]+" amazon_reviews_us_Books_v1_02.tsv 
   92  head 2 grep "Sisterhood of the Traveling Pants (Book 1)" amazon_reviews_us_Books_v1_02.tsv 
   93  head 2 amazon_reviews_us_Books_v1_02.tsv 
   94  head -2 amazon_reviews_us_Books_v1_02.tsv 
   95  head -2 grep "US" amazon_reviews_us_Books_v1_02.tsv 
   96  grep "^US" amazon_reviews_us_Books_v1_02.tsv 
   97  grep "^[a-zA-Z]*[0-9]*" amazon_reviews_us_Books_v1_02.tsv 
   98  grep "^[a-zA-Z]*[0-9]+" amazon_reviews_us_Books_v1_02.tsv 
   99  grep "^[a-zA-Z]+[\s]+[0-9]+" amazon_reviews_us_Books_v1_02.tsv 
  100  grep "^[a-zA-Z]+\s+[0-9]+" amazon_reviews_us_Books_v1_02.tsv 
  101  grep "^[a-zA-Z]+[\t]+[0-9]+" amazon_reviews_us_Books_v1_02.tsv 
  102  grep "^[a-zA-Z ]+[0-9]+" amazon_reviews_us_Books_v1_02.tsv 
  103  grep "^[a-zA-Z\s]+[0-9]+" amazon_reviews_us_Books_v1_02.tsv 
  104  grep "^[a-zA-Z]*[0-9]+" amazon_reviews_us_Books_v1_02.tsv 
  105  grep "^[a-zA-Z]*" amazon_reviews_us_Books_v1_02.tsv 
  106  grep "^[a-zA-Z]*[0-9]*" amazon_reviews_us_Books_v1_02.tsv 
  107  grep "^[a-zA-Z]*[0-9]+" amazon_reviews_us_Books_v1_02.tsv 
  108  grep "^[a-zA-Z]*.[0-9]+" amazon_reviews_us_Books_v1_02.tsv 
  109  grep "^[a-zA-Z]*.[\s]+" amazon_reviews_us_Books_v1_02.tsv 
  110  grep "[\s]+" amazon_reviews_us_Books_v1_02.tsv 
  111  grep "[ ]+" amazon_reviews_us_Books_v1_02.tsv 
  112  grep [ ]+ amazon_reviews_us_Books_v1_02.tsv 
  113  grep "[\t]+" amazon_reviews_us_Books_v1_02.tsv 
  114  grep \s amazon_reviews_us_Books_v1_02.tsv 
  115  grep " " amazon_reviews_us_Books_v1_02.tsv 
  116  grep "^[a-zA-Z]  " amazon_reviews_us_Books_v1_02.tsv 
  117  grep "^[a-zA-Z]+ $ " amazon_reviews_us_Books_v1_02.tsv 
  118  egrep "^[a-zA-Z]+[\s]+.*$" amazon_reviews_us_Books_v1_02.tsv 
  119  egrep "^[a-zA-Z]*.[0-9]$" amazon_reviews_us_Books_v1_02.tsv 
  120  egrep "^[a-zA-Z]*.[0-9]*$" amazon_reviews_us_Books_v1_02.tsv 
  121  egrep "^[a-zA-Z]" amazon_reviews_us_Books_v1_02.tsv 
  122  egrep "^[a-zA-Z]+" amazon_reviews_us_Books_v1_02.tsv 
  123  egrep "^[a-zA-Z]+[\s]" amazon_reviews_us_Books_v1_02.tsv 
  124  egrep "^[a-zA-Z]+[[:space:]]" amazon_reviews_us_Books_v1_02.tsv 
  125  cat history
  126  ls
  127  history > commands.log
  128  cat commands.log 
  129  egrep "^[a-zA-Z]+[[:space:]]+[0-9]+" amazon_reviews_us_Books_v1_02.tsv 
  130  egrep "^[a-zA-Z]+[[:space:]]+[0-9]+[[:space:]]+[a-zA-Z0-9]+[[:space:]]+[0-9]+[[:space:]]+[0-9]+[[:space:]]+" amazon_reviews_us_Books_v1_02.tsv 
  131  egrep "^[a-zA-Z]+[[:space:]]+[0-9]+[[:space:]]+[a-zA-Z0-9]+[[:space:]]+[0-9]+[[:space:]]+[0-9]+[[:space:]]+([a-zA-Z0-9\:&]*[[:space:]]?)*" amazon_reviews_us_Books_v1_02.tsv 
  132  egrep "^[a-zA-Z]+[[:space:]]+[0-9]+[[:space:]]+[a-zA-Z0-9]+[[:space:]]+[0-9]+[[:space:]]+[0-9]+[[:space:]]+([a-zA-Z0-9\:&]*[[:space:]]{1})*" amazon_reviews_us_Books_v1_02.tsv 
  133  exit
  134  grep verified amazon_reviews_us_Books_v1_02.tsv 
  135  exit
  136  ls
  137  grep verified amazon_reviews_us_Books_v1_02.tsv 
  138  egrep \tY\t amazon_reviews_us_Books_v1_02.tsv 
  139  egrep "\tY\t" amazon_reviews_us_Books_v1_02.tsv 
  140  awk -F"\t" '{print $12}' amazon_reviews_us_Books_v1_02.tsv 
  141  awk -F"\t" '{print $12}' amazon_reviews_us_Books_v1_02.tsv > verified_column.txt
  142  ls
  143  grep Y verified_column.txt > verified.txt
  144  ls
  145  nano verified.txt 
  146  grep N verified_column.txt > unverified.txt
  147  ls
  148  wc verified.txt
  149  wc verified.txt > counts.txt
  150  wc unverified.txt >> counts.txt 
  151  cat counts.txt 
  152  nano counts.txt
  153  fg
  154  cat counts.txt 
  155  ls
  156  cd worksheets/
  157  ls
  158  mkdir ws2
  159  cd ws2
  160  ls
  161  git init
  162  cd ..
  163  ls
  164  mv counts.txt ~/worksheets/ws2
  165  mv unverified.txt ~/worksheets/ws2
  166  mv verified.txt ~/worksheets/ws2
  167  mv verified_column.txt ~/worksheets/ws2
  168  ls
  169  cd worksheets/
  170  cd ws2
  171  ls
  172  nano counts.txt 
  173  cat counts.txt 
  174  history > cmds.log
